<?xml version="1.0" encoding="UTF-8"?>
<testsuite xmlns:xsi="http://www.w3.org/2001/XMLSchema-instance" xsi:noNamespaceSchemaLocation="https://maven.apache.org/surefire/maven-surefire-plugin/xsd/surefire-test-report.xsd" version="3.0.2" name="com.aniket.test.TestEmployee" time="0.105" tests="2" errors="0" skipped="0" failures="0">
  <properties>
[...]
</properties>
  <testcase name="testUpdate" classname="com.aniket.test.TestEmployee" time="0.034">
    <system-out><![CDATA[hello-update
]]></system-out>
  </testcase>
  <testcase name="testDelete" classname="com.aniket.test.TestEmployee" time="0.003">
    <system-out><![CDATA[hello-delete
]]></system-out>
  </testcase>
</testsuite>